[25-08-2020] [19:58:22] 0ms :DEBUG: Float: 1098.69
[25-08-2020] [19:58:22] 0ms :INFO: Float: 1098.69
[25-08-2020] [19:58:22] 0ms :ERROR: Float: 1098.69
[25-08-2020] [19:58:22] 0ms :WARNING: Float: 1098.69
[25-08-2020] [19:58:22] 0ms :CRITICAL: Float: 1098.69
[25-08-2020] [19:58:22] 0ms :DEBUG: Float: 1098.69
[25-08-2020] [19:58:22] 0ms :INFO: Float: 1098.69
[25-08-2020] [19:58:22] 1ms :ERROR: Float: 1098.69
[25-08-2020] [19:58:22] 1ms :WARNING: Float: 1098.69
[25-08-2020] [19:58:22] 1ms :CRITICAL: Float: 1098.69
[25-08-2020] [19:58:22] 1ms :DEBUG: Float: 1098.69
[25-08-2020] [19:58:22] 1ms :INFO: Float: 1098.69
[25-08-2020] [19:58:22] 1ms :ERROR: Float: 1098.69
[25-08-2020] [19:58:22] 1ms :WARNING: Float: 1098.69
[25-08-2020] [19:58:22] 1ms :CRITICAL: Float: 1098.69
[25-08-2020] [19:58:22] 1ms :DEBUG: Float: 1098.69
[25-08-2020] [19:58:22] 1ms :INFO: Float: 1098.69
[25-08-2020] [19:58:22] 1ms :ERROR: Float: 1098.69
[25-08-2020] [19:58:22] 1ms :WARNING: Float: 1098.69
[25-08-2020] [19:58:22] 1ms :CRITICAL: Float: 1098.69
[25-08-2020] [19:58:22] 2ms :DEBUG: Float: 1098.69
[25-08-2020] [19:58:22] 2ms :INFO: Float: 1098.69
[25-08-2020] [19:58:22] 2ms :ERROR: Float: 1098.69
[25-08-2020] [19:58:22] 2ms :WARNING: Float: 1098.69
[25-08-2020] [19:58:22] 2ms :CRITICAL: Float: 1098.69
